<?xml version="1.0" encoding="UTF-8"?>
<!-- Generated by org.testng.reporters.JUnitReportReporter -->
<testsuite skipped="0" hostname="DESKTOP-Q1O5OIK" name="testcases.GoogleDocTest" tests="1" failures="0" timestamp="13 Sep 2020 01:52:12 GMT" time="10.135" errors="0">
  <testcase name="selectRadioButton" time="10.135" classname="testcases.GoogleDocTest"/>
</testsuite> <!-- testcases.GoogleDocTest -->
