<?xml version="1.0" encoding="UTF-8"?>
<!-- Generated by org.testng.reporters.JUnitReportReporter -->
<testsuite skipped="0" hostname="DESKTOP-Q1O5OIK" name="testcases.GoogleDocTest" tests="1" failures="0" timestamp="13 Sep 2020 02:01:03 GMT" time="9.972" errors="0">
  <testcase name="selectRadioButton" time="9.972" classname="testcases.GoogleDocTest"/>
</testsuite> <!-- testcases.GoogleDocTest -->
